[1;34m2021-01-19 21:56:05 IST[0;39m - [34mINFO [0;39m [36mcom.multimodule.starter.MultiModuleApplication.logStarting:55[0;39m - Starting MultiModuleApplication v0.0.1 using Java 14.0.2 on TCGDLap127 with PID 18116 (D:\IntelliJ\POC\multimodule\core\starter\target\starter-0.0.1.jar started by SwarnenduS in D:\IntelliJ\POC\multimodule\core\starter)
[1;34m2021-01-19 21:56:05 IST[0;39m - [34mINFO [0;39m [36mcom.multimodule.starter.MultiModuleApplication.logStartupProfileInfo:660[0;39m - No active profile set, falling back to default profiles: default
[1;34m2021-01-19 21:56:08 IST[0;39m - [34mINFO [0;39m [36morg.springframework.boot.web.embedded.tomcat.TomcatWebServer.initialize:108[0;39m - Tomcat initialized with port(s): 8080 (http)
[1;34m2021-01-19 21:56:08 IST[0;39m - [34mINFO [0;39m [36morg.apache.coyote.http11.Http11NioProtocol.log:173[0;39m - Initializing ProtocolHandler ["http-nio-8080"]
[1;34m2021-01-19 21:56:08 IST[0;39m - [34mINFO [0;39m [36morg.apache.catalina.core.StandardService.log:173[0;39m - Starting service [Tomcat]
[1;34m2021-01-19 21:56:08 IST[0;39m - [34mINFO [0;39m [36morg.apache.catalina.core.StandardEngine.log:173[0;39m - Starting Servlet engine: [Apache Tomcat/9.0.41]
[1;34m2021-01-19 21:56:08 IST[0;39m - [34mINFO [0;39m [36morg.apache.catalina.core.ContainerBase.[Tomcat].[localhost].[/workbench].?:?[0;39m - Initializing Spring embedded WebApplicationContext
[1;34m2021-01-19 21:56:08 IST[0;39m - [34mINFO [0;39m [36morg.springframework.boot.web.servlet.context.ServletWebServerApplicationContext.prepareWebApplicationContext:289[0;39m - Root WebApplicationContext: initialization completed in 3320 ms
[1;34m2021-01-19 21:56:08 IST[0;39m - [34mINFO [0;39m [36mcom.multimodule.database.util.DatasourceCreator.getDatasource:22[0;39m - Initializing Datasource............
[1;34m2021-01-19 21:56:08 IST[0;39m - [34mINFO [0;39m [36mcom.multimodule.database.util.DatasourceCreator.getDatasource:24[0;39m - [DONE] Initializing Datasource
[1;34m2021-01-19 21:56:09 IST[0;39m - [34mINFO [0;39m [36morg.springframework.scheduling.concurrent.ThreadPoolTaskExecutor.?:?[0;39m - Initializing ExecutorService 'applicationTaskExecutor'
[1;34m2021-01-19 21:56:09 IST[0;39m - [34mINFO [0;39m [36morg.apache.coyote.http11.Http11NioProtocol.?:?[0;39m - Starting ProtocolHandler ["http-nio-8080"]
[1;34m2021-01-19 21:56:09 IST[0;39m - [34mINFO [0;39m [36morg.springframework.boot.web.embedded.tomcat.TomcatWebServer.?:?[0;39m - Tomcat started on port(s): 8080 (http) with context path '/workbench'
[1;34m2021-01-19 21:56:09 IST[0;39m - [34mINFO [0;39m [36mcom.multimodule.starter.MultiModuleApplication.logStarted:61[0;39m - Started MultiModuleApplication in 6.569 seconds (JVM running for 9.008)
[1;34m2021-01-19 21:56:26 IST[0;39m - [34mINFO [0;39m [36morg.apache.catalina.core.ContainerBase.[Tomcat].[localhost].[/workbench].log:173[0;39m - Initializing Spring DispatcherServlet 'dispatcherServlet'
[1;34m2021-01-19 21:56:26 IST[0;39m - [34mINFO [0;39m [36morg.springframework.web.servlet.DispatcherServlet.initServletBean:525[0;39m - Initializing Servlet 'dispatcherServlet'
[1;34m2021-01-19 21:56:26 IST[0;39m - [34mINFO [0;39m [36morg.springframework.web.servlet.DispatcherServlet.initServletBean:547[0;39m - Completed initialization in 3 ms
[1;34m2021-01-19 21:56:26 IST[0;39m - [34mINFO [0;39m [36mcom.zaxxer.hikari.HikariDataSource.getConnection:110[0;39m - HikariPool-1 - Starting...
[1;34m2021-01-19 21:56:26 IST[0;39m - [34mINFO [0;39m [36mcom.zaxxer.hikari.HikariDataSource.getConnection:123[0;39m - HikariPool-1 - Start completed.
[1;34m2021-01-19 21:57:22 IST[0;39m - [34mINFO [0;39m [36morg.springframework.scheduling.concurrent.ThreadPoolTaskExecutor.shutdown:218[0;39m - Shutting down ExecutorService 'applicationTaskExecutor'
[1;34m2021-01-19 21:57:22 IST[0;39m - [34mINFO [0;39m [36mcom.zaxxer.hikari.HikariDataSource.close:350[0;39m - HikariPool-1 - Shutdown initiated...
[1;34m2021-01-19 21:57:22 IST[0;39m - [34mINFO [0;39m [36mcom.zaxxer.hikari.HikariDataSource.close:352[0;39m - HikariPool-1 - Shutdown completed.
[1;34m2021-01-19 21:58:40 IST[0;39m - [34mINFO [0;39m [36mcom.multimodule.starter.MultiModuleApplication.logStarting:55[0;39m - Starting MultiModuleApplication v0.0.1 using Java 14.0.2 on TCGDLap127 with PID 21896 (D:\IntelliJ\POC\multimodule\core\starter\target\starter-0.0.1.jar started by SwarnenduS in D:\IntelliJ\POC\multimodule\core\starter)
[1;34m2021-01-19 21:58:40 IST[0;39m - [34mINFO [0;39m [36mcom.multimodule.starter.MultiModuleApplication.logStartupProfileInfo:660[0;39m - No active profile set, falling back to default profiles: default
[1;34m2021-01-19 21:58:43 IST[0;39m - [34mINFO [0;39m [36morg.springframework.boot.web.embedded.tomcat.TomcatWebServer.?:?[0;39m - Tomcat initialized with port(s): 8080 (http)
[1;34m2021-01-19 21:58:43 IST[0;39m - [34mINFO [0;39m [36morg.apache.coyote.http11.Http11NioProtocol.log:173[0;39m - Initializing ProtocolHandler ["http-nio-8080"]
[1;34m2021-01-19 21:58:43 IST[0;39m - [34mINFO [0;39m [36morg.apache.catalina.core.StandardService.log:173[0;39m - Starting service [Tomcat]
[1;34m2021-01-19 21:58:43 IST[0;39m - [34mINFO [0;39m [36morg.apache.catalina.core.StandardEngine.log:173[0;39m - Starting Servlet engine: [Apache Tomcat/9.0.41]
[1;34m2021-01-19 21:58:43 IST[0;39m - [34mINFO [0;39m [36morg.apache.catalina.core.ContainerBase.[Tomcat].[localhost].[/workbench].log:173[0;39m - Initializing Spring embedded WebApplicationContext
[1;34m2021-01-19 21:58:43 IST[0;39m - [34mINFO [0;39m [36morg.springframework.boot.web.servlet.context.ServletWebServerApplicationContext.?:?[0;39m - Root WebApplicationContext: initialization completed in 2933 ms
[1;34m2021-01-19 21:58:43 IST[0;39m - [34mINFO [0;39m [36mcom.multimodule.database.util.DatasourceCreator.getDatasource:22[0;39m - Initializing Datasource............
[1;34m2021-01-19 21:58:43 IST[0;39m - [34mINFO [0;39m [36mcom.multimodule.database.util.DatasourceCreator.getDatasource:24[0;39m - [DONE] Initializing Datasource
[1;34m2021-01-19 21:58:44 IST[0;39m - [34mINFO [0;39m [36morg.springframework.scheduling.concurrent.ThreadPoolTaskExecutor.?:?[0;39m - Initializing ExecutorService 'applicationTaskExecutor'
[1;34m2021-01-19 21:58:44 IST[0;39m - [34mINFO [0;39m [36morg.apache.coyote.http11.Http11NioProtocol.log:173[0;39m - Starting ProtocolHandler ["http-nio-8080"]
[1;34m2021-01-19 21:58:44 IST[0;39m - [34mINFO [0;39m [36morg.springframework.boot.web.embedded.tomcat.TomcatWebServer.?:?[0;39m - Tomcat started on port(s): 8080 (http) with context path '/workbench'
[1;34m2021-01-19 21:58:44 IST[0;39m - [34mINFO [0;39m [36mcom.multimodule.starter.MultiModuleApplication.logStarted:61[0;39m - Started MultiModuleApplication in 5.662 seconds (JVM running for 7.274)
[1;34m2021-01-19 21:59:15 IST[0;39m - [34mINFO [0;39m [36morg.apache.catalina.core.ContainerBase.[Tomcat].[localhost].[/workbench].log:173[0;39m - Initializing Spring DispatcherServlet 'dispatcherServlet'
[1;34m2021-01-19 21:59:15 IST[0;39m - [34mINFO [0;39m [36morg.springframework.web.servlet.DispatcherServlet.initServletBean:525[0;39m - Initializing Servlet 'dispatcherServlet'
[1;34m2021-01-19 21:59:15 IST[0;39m - [34mINFO [0;39m [36morg.springframework.web.servlet.DispatcherServlet.initServletBean:547[0;39m - Completed initialization in 2 ms
[1;34m2021-01-19 21:59:15 IST[0;39m - [34mINFO [0;39m [36mcom.multimodule.database.connector.DatabaseConnector.connectDatabase:16[0;39m - Hello!!!!!!!!!!
[1;34m2021-01-19 21:59:15 IST[0;39m - [34mINFO [0;39m [36mcom.zaxxer.hikari.HikariDataSource.getConnection:110[0;39m - HikariPool-1 - Starting...
[1;34m2021-01-19 21:59:16 IST[0;39m - [34mINFO [0;39m [36mcom.zaxxer.hikari.HikariDataSource.getConnection:123[0;39m - HikariPool-1 - Start completed.
[1;34m2021-01-19 21:59:16 IST[0;39m - [34mINFO [0;39m [36mcom.multimodule.database.connector.DatabaseConnector.connectDatabase:18[0;39m - HikariProxyConnection@1142378898 wrapping com.mysql.cj.jdbc.ConnectionImpl@5ada3042
[1;34m2021-01-19 22:01:33 IST[0;39m - [34mINFO [0;39m [36morg.springframework.scheduling.concurrent.ThreadPoolTaskExecutor.shutdown:218[0;39m - Shutting down ExecutorService 'applicationTaskExecutor'
[1;34m2021-01-19 22:01:33 IST[0;39m - [34mINFO [0;39m [36mcom.zaxxer.hikari.HikariDataSource.close:350[0;39m - HikariPool-1 - Shutdown initiated...
[1;34m2021-01-19 22:01:33 IST[0;39m - [34mINFO [0;39m [36mcom.zaxxer.hikari.HikariDataSource.close:352[0;39m - HikariPool-1 - Shutdown completed.
[1;34m2021-01-19 22:04:14 IST[0;39m - [34mINFO [0;39m [36mcom.multimodule.starter.MultiModuleApplication.logStarting:55[0;39m - Starting MultiModuleApplication v0.0.1 using Java 14.0.2 on TCGDLap127 with PID 19940 (D:\IntelliJ\POC\multimodule\core\starter\target\starter-0.0.1.jar started by SwarnenduS in D:\IntelliJ\POC\multimodule\core\starter)
[1;34m2021-01-19 22:04:14 IST[0;39m - [34mINFO [0;39m [36mcom.multimodule.starter.MultiModuleApplication.logStartupProfileInfo:660[0;39m - No active profile set, falling back to default profiles: default
[1;34m2021-01-19 22:04:17 IST[0;39m - [34mINFO [0;39m [36morg.springframework.boot.web.embedded.tomcat.TomcatWebServer.?:?[0;39m - Tomcat initialized with port(s): 8080 (http)
[1;34m2021-01-19 22:04:17 IST[0;39m - [34mINFO [0;39m [36morg.apache.coyote.http11.Http11NioProtocol.log:173[0;39m - Initializing ProtocolHandler ["http-nio-8080"]
[1;34m2021-01-19 22:04:17 IST[0;39m - [34mINFO [0;39m [36morg.apache.catalina.core.StandardService.?:?[0;39m - Starting service [Tomcat]
[1;34m2021-01-19 22:04:17 IST[0;39m - [34mINFO [0;39m [36morg.apache.catalina.core.StandardEngine.log:173[0;39m - Starting Servlet engine: [Apache Tomcat/9.0.41]
[1;34m2021-01-19 22:04:17 IST[0;39m - [34mINFO [0;39m [36morg.apache.catalina.core.ContainerBase.[Tomcat].[localhost].[/workbench].log:173[0;39m - Initializing Spring embedded WebApplicationContext
[1;34m2021-01-19 22:04:17 IST[0;39m - [34mINFO [0;39m [36morg.springframework.boot.web.servlet.context.ServletWebServerApplicationContext.prepareWebApplicationContext:289[0;39m - Root WebApplicationContext: initialization completed in 2431 ms
[1;34m2021-01-19 22:04:17 IST[0;39m - [34mINFO [0;39m [36mcom.multimodule.database.util.DatasourceCreator.getDatasource:22[0;39m - Initializing Datasource Bean............
[1;34m2021-01-19 22:04:17 IST[0;39m - [34mINFO [0;39m [36mcom.multimodule.database.util.DatasourceCreator.getDatasource:24[0;39m - [DONE] Initializing Datasource Bean
[1;34m2021-01-19 22:04:17 IST[0;39m - [34mINFO [0;39m [36morg.springframework.scheduling.concurrent.ThreadPoolTaskExecutor.initialize:181[0;39m - Initializing ExecutorService 'applicationTaskExecutor'
[1;34m2021-01-19 22:04:18 IST[0;39m - [34mINFO [0;39m [36morg.apache.coyote.http11.Http11NioProtocol.?:?[0;39m - Starting ProtocolHandler ["http-nio-8080"]
[1;34m2021-01-19 22:04:18 IST[0;39m - [34mINFO [0;39m [36morg.springframework.boot.web.embedded.tomcat.TomcatWebServer.start:220[0;39m - Tomcat started on port(s): 8080 (http) with context path '/workbench'
[1;34m2021-01-19 22:04:18 IST[0;39m - [34mINFO [0;39m [36mcom.multimodule.starter.MultiModuleApplication.logStarted:61[0;39m - Started MultiModuleApplication in 5.043 seconds (JVM running for 6.555)
[1;34m2021-01-19 22:05:41 IST[0;39m - [34mINFO [0;39m [36morg.springframework.scheduling.concurrent.ThreadPoolTaskExecutor.shutdown:218[0;39m - Shutting down ExecutorService 'applicationTaskExecutor'
[1;34m2021-01-19 22:06:46 IST[0;39m - [34mINFO [0;39m [36mcom.multimodule.starter.MultiModuleApplication.logStarting:55[0;39m - Starting MultiModuleApplication v0.0.1 using Java 14.0.2 on TCGDLap127 with PID 14588 (D:\IntelliJ\POC\multimodule\core\starter\target\starter-0.0.1.jar started by SwarnenduS in D:\IntelliJ\POC\multimodule\core\starter)
[1;34m2021-01-19 22:06:46 IST[0;39m - [34mINFO [0;39m [36mcom.multimodule.starter.MultiModuleApplication.logStartupProfileInfo:660[0;39m - No active profile set, falling back to default profiles: default
[1;34m2021-01-19 22:06:49 IST[0;39m - [34mINFO [0;39m [36morg.springframework.boot.web.embedded.tomcat.TomcatWebServer.initialize:108[0;39m - Tomcat initialized with port(s): 8080 (http)
[1;34m2021-01-19 22:06:49 IST[0;39m - [34mINFO [0;39m [36morg.apache.coyote.http11.Http11NioProtocol.log:173[0;39m - Initializing ProtocolHandler ["http-nio-8080"]
[1;34m2021-01-19 22:06:49 IST[0;39m - [34mINFO [0;39m [36morg.apache.catalina.core.StandardService.?:?[0;39m - Starting service [Tomcat]
[1;34m2021-01-19 22:06:49 IST[0;39m - [34mINFO [0;39m [36morg.apache.catalina.core.StandardEngine.log:173[0;39m - Starting Servlet engine: [Apache Tomcat/9.0.41]
[1;34m2021-01-19 22:06:49 IST[0;39m - [34mINFO [0;39m [36morg.apache.catalina.core.ContainerBase.[Tomcat].[localhost].[/workbench].log:173[0;39m - Initializing Spring embedded WebApplicationContext
[1;34m2021-01-19 22:06:49 IST[0;39m - [34mINFO [0;39m [36morg.springframework.boot.web.servlet.context.ServletWebServerApplicationContext.prepareWebApplicationContext:289[0;39m - Root WebApplicationContext: initialization completed in 2884 ms
[1;34m2021-01-19 22:06:50 IST[0;39m - [34mINFO [0;39m [36mcom.multimodule.database.util.DatasourceCreator.?:?[0;39m - Initializing Datasource Bean............
[1;34m2021-01-19 22:06:50 IST[0;39m - [34mINFO [0;39m [36mcom.multimodule.database.util.DatasourceCreator.?:?[0;39m - [DONE] Initializing Datasource Bean
[1;34m2021-01-19 22:06:50 IST[0;39m - [34mINFO [0;39m [36morg.springframework.scheduling.concurrent.ThreadPoolTaskExecutor.initialize:181[0;39m - Initializing ExecutorService 'applicationTaskExecutor'
[1;34m2021-01-19 22:06:51 IST[0;39m - [34mINFO [0;39m [36morg.apache.coyote.http11.Http11NioProtocol.log:173[0;39m - Starting ProtocolHandler ["http-nio-8080"]
[1;34m2021-01-19 22:06:51 IST[0;39m - [34mINFO [0;39m [36morg.springframework.boot.web.embedded.tomcat.TomcatWebServer.start:220[0;39m - Tomcat started on port(s): 8080 (http) with context path '/workbench'
[1;34m2021-01-19 22:06:51 IST[0;39m - [34mINFO [0;39m [36mcom.multimodule.starter.MultiModuleApplication.logStarted:61[0;39m - Started MultiModuleApplication in 5.834 seconds (JVM running for 7.527)
[1;34m2021-01-19 22:07:20 IST[0;39m - [34mINFO [0;39m [36morg.springframework.scheduling.concurrent.ThreadPoolTaskExecutor.shutdown:218[0;39m - Shutting down ExecutorService 'applicationTaskExecutor'
[1;34m2021-01-19 22:09:01 IST[0;39m - [34mINFO [0;39m [36mcom.multimodule.starter.MultiModuleApplication.?:?[0;39m - Starting MultiModuleApplication v0.0.1 using Java 14.0.2 on TCGDLap127 with PID 14980 (D:\IntelliJ\POC\multimodule\core\starter\target\starter-0.0.1.jar started by SwarnenduS in D:\IntelliJ\POC\multimodule\core\starter)
[1;34m2021-01-19 22:09:01 IST[0;39m - [34mINFO [0;39m [36mcom.multimodule.starter.MultiModuleApplication.?:?[0;39m - No active profile set, falling back to default profiles: default
[1;34m2021-01-19 22:09:04 IST[0;39m - [34mINFO [0;39m [36morg.springframework.boot.web.embedded.tomcat.TomcatWebServer.initialize:108[0;39m - Tomcat initialized with port(s): 8080 (http)
[1;34m2021-01-19 22:09:04 IST[0;39m - [34mINFO [0;39m [36morg.apache.coyote.http11.Http11NioProtocol.?:?[0;39m - Initializing ProtocolHandler ["http-nio-8080"]
[1;34m2021-01-19 22:09:04 IST[0;39m - [34mINFO [0;39m [36morg.apache.catalina.core.StandardService.?:?[0;39m - Starting service [Tomcat]
[1;34m2021-01-19 22:09:04 IST[0;39m - [34mINFO [0;39m [36morg.apache.catalina.core.StandardEngine.log:173[0;39m - Starting Servlet engine: [Apache Tomcat/9.0.41]
[1;34m2021-01-19 22:09:04 IST[0;39m - [34mINFO [0;39m [36morg.apache.catalina.core.ContainerBase.[Tomcat].[localhost].[/workbench].?:?[0;39m - Initializing Spring embedded WebApplicationContext
[1;34m2021-01-19 22:09:04 IST[0;39m - [34mINFO [0;39m [36morg.springframework.boot.web.servlet.context.ServletWebServerApplicationContext.?:?[0;39m - Root WebApplicationContext: initialization completed in 3418 ms
[1;34m2021-01-19 22:09:04 IST[0;39m - [34mINFO [0;39m [36mcom.multimodule.database.util.DatasourceCreator.?:?[0;39m - Initializing Datasource Bean............
[1;34m2021-01-19 22:09:04 IST[0;39m - [34mINFO [0;39m [36mcom.multimodule.database.util.DatasourceCreator.getDatasource:24[0;39m - [DONE] Initializing Datasource Bean
[1;34m2021-01-19 22:09:05 IST[0;39m - [34mINFO [0;39m [36morg.springframework.scheduling.concurrent.ThreadPoolTaskExecutor.?:?[0;39m - Initializing ExecutorService 'applicationTaskExecutor'
[1;34m2021-01-19 22:09:06 IST[0;39m - [34mINFO [0;39m [36morg.apache.coyote.http11.Http11NioProtocol.?:?[0;39m - Starting ProtocolHandler ["http-nio-8080"]
[1;34m2021-01-19 22:09:06 IST[0;39m - [34mINFO [0;39m [36morg.springframework.boot.web.embedded.tomcat.TomcatWebServer.start:220[0;39m - Tomcat started on port(s): 8080 (http) with context path '/workbench'
[1;34m2021-01-19 22:09:06 IST[0;39m - [34mINFO [0;39m [36mcom.multimodule.starter.MultiModuleApplication.logStarted:61[0;39m - Started MultiModuleApplication in 6.817 seconds (JVM running for 8.927)
[1;34m2021-01-19 22:09:32 IST[0;39m - [34mINFO [0;39m [36morg.springframework.scheduling.concurrent.ThreadPoolTaskExecutor.?:?[0;39m - Shutting down ExecutorService 'applicationTaskExecutor'
[1;34m2021-01-19 22:10:15 IST[0;39m - [34mINFO [0;39m [36mcom.multimodule.starter.MultiModuleApplication.logStarting:55[0;39m - Starting MultiModuleApplication v0.0.1 using Java 14.0.2 on TCGDLap127 with PID 14552 (D:\IntelliJ\POC\multimodule\core\starter\target\starter-0.0.1.jar started by SwarnenduS in D:\IntelliJ\POC\multimodule\core\starter)
[1;34m2021-01-19 22:10:15 IST[0;39m - [34mINFO [0;39m [36mcom.multimodule.starter.MultiModuleApplication.logStartupProfileInfo:660[0;39m - No active profile set, falling back to default profiles: default
[1;34m2021-01-19 22:10:18 IST[0;39m - [34mINFO [0;39m [36morg.springframework.boot.web.embedded.tomcat.TomcatWebServer.?:?[0;39m - Tomcat initialized with port(s): 8080 (http)
[1;34m2021-01-19 22:10:18 IST[0;39m - [34mINFO [0;39m [36morg.apache.coyote.http11.Http11NioProtocol.?:?[0;39m - Initializing ProtocolHandler ["http-nio-8080"]
[1;34m2021-01-19 22:10:18 IST[0;39m - [34mINFO [0;39m [36morg.apache.catalina.core.StandardService.log:173[0;39m - Starting service [Tomcat]
[1;34m2021-01-19 22:10:18 IST[0;39m - [34mINFO [0;39m [36morg.apache.catalina.core.StandardEngine.log:173[0;39m - Starting Servlet engine: [Apache Tomcat/9.0.41]
[1;34m2021-01-19 22:10:19 IST[0;39m - [34mINFO [0;39m [36morg.apache.catalina.core.ContainerBase.[Tomcat].[localhost].[/workbench].log:173[0;39m - Initializing Spring embedded WebApplicationContext
[1;34m2021-01-19 22:10:19 IST[0;39m - [34mINFO [0;39m [36morg.springframework.boot.web.servlet.context.ServletWebServerApplicationContext.prepareWebApplicationContext:289[0;39m - Root WebApplicationContext: initialization completed in 3766 ms
[1;34m2021-01-19 22:10:19 IST[0;39m - [34mINFO [0;39m [36mcom.multimodule.database.util.DatasourceCreator.getDatasource:22[0;39m - Initializing Datasource Bean............
[1;34m2021-01-19 22:10:19 IST[0;39m - [34mINFO [0;39m [36mcom.multimodule.database.util.DatasourceCreator.?:?[0;39m - [DONE] Initializing Datasource Bean
[1;34m2021-01-19 22:10:19 IST[0;39m - [34mINFO [0;39m [36morg.springframework.scheduling.concurrent.ThreadPoolTaskExecutor.initialize:181[0;39m - Initializing ExecutorService 'applicationTaskExecutor'
[1;34m2021-01-19 22:10:20 IST[0;39m - [34mINFO [0;39m [36morg.apache.coyote.http11.Http11NioProtocol.log:173[0;39m - Starting ProtocolHandler ["http-nio-8080"]
[1;34m2021-01-19 22:10:20 IST[0;39m - [34mINFO [0;39m [36morg.springframework.boot.web.embedded.tomcat.TomcatWebServer.start:220[0;39m - Tomcat started on port(s): 8080 (http) with context path '/workbench'
[1;34m2021-01-19 22:10:20 IST[0;39m - [34mINFO [0;39m [36mcom.multimodule.starter.MultiModuleApplication.?:?[0;39m - Started MultiModuleApplication in 6.563 seconds (JVM running for 8.773)
[1;34m2021-01-19 22:25:20 IST[0;39m - [34mINFO [0;39m [36morg.springframework.scheduling.concurrent.ThreadPoolTaskExecutor.shutdown:218[0;39m - Shutting down ExecutorService 'applicationTaskExecutor'
[1;34m2021-01-19 22:26:21 IST[0;39m - [34mINFO [0;39m [36mcom.multimodule.starter.MultiModuleApplication.logStarting:55[0;39m - Starting MultiModuleApplication v0.0.1 using Java 14.0.2 on TCGDLap127 with PID 21832 (D:\IntelliJ\POC\multimodule\core\starter\target\starter-0.0.1.jar started by SwarnenduS in D:\IntelliJ\POC\multimodule\core\starter)
[1;34m2021-01-19 22:26:21 IST[0;39m - [34mINFO [0;39m [36mcom.multimodule.starter.MultiModuleApplication.logStartupProfileInfo:660[0;39m - No active profile set, falling back to default profiles: default
[1;34m2021-01-19 22:26:24 IST[0;39m - [34mINFO [0;39m [36morg.springframework.boot.web.embedded.tomcat.TomcatWebServer.initialize:108[0;39m - Tomcat initialized with port(s): 8080 (http)
[1;34m2021-01-19 22:26:24 IST[0;39m - [34mINFO [0;39m [36morg.apache.coyote.http11.Http11NioProtocol.?:?[0;39m - Initializing ProtocolHandler ["http-nio-8080"]
[1;34m2021-01-19 22:26:24 IST[0;39m - [34mINFO [0;39m [36morg.apache.catalina.core.StandardService.?:?[0;39m - Starting service [Tomcat]
[1;34m2021-01-19 22:26:24 IST[0;39m - [34mINFO [0;39m [36morg.apache.catalina.core.StandardEngine.log:173[0;39m - Starting Servlet engine: [Apache Tomcat/9.0.41]
[1;34m2021-01-19 22:26:24 IST[0;39m - [34mINFO [0;39m [36morg.apache.catalina.core.ContainerBase.[Tomcat].[localhost].[/workbench].log:173[0;39m - Initializing Spring embedded WebApplicationContext
[1;34m2021-01-19 22:26:24 IST[0;39m - [34mINFO [0;39m [36morg.springframework.boot.web.servlet.context.ServletWebServerApplicationContext.prepareWebApplicationContext:289[0;39m - Root WebApplicationContext: initialization completed in 2732 ms
[1;34m2021-01-19 22:26:24 IST[0;39m - [34mINFO [0;39m [36mcom.multimodule.database.util.DatasourceCreator.getDatasource:22[0;39m - Initializing Datasource Bean............
[1;34m2021-01-19 22:26:24 IST[0;39m - [34mINFO [0;39m [36mcom.multimodule.database.util.DatasourceCreator.getDatasource:24[0;39m - [DONE] Initializing Datasource Bean
[1;34m2021-01-19 22:26:25 IST[0;39m - [34mINFO [0;39m [36morg.springframework.scheduling.concurrent.ThreadPoolTaskExecutor.?:?[0;39m - Initializing ExecutorService 'applicationTaskExecutor'
[1;34m2021-01-19 22:26:25 IST[0;39m - [34mINFO [0;39m [36morg.apache.coyote.http11.Http11NioProtocol.log:173[0;39m - Starting ProtocolHandler ["http-nio-8080"]
[1;34m2021-01-19 22:26:25 IST[0;39m - [34mINFO [0;39m [36morg.springframework.boot.web.embedded.tomcat.TomcatWebServer.?:?[0;39m - Tomcat started on port(s): 8080 (http) with context path '/workbench'
[1;34m2021-01-19 22:26:25 IST[0;39m - [34mINFO [0;39m [36mcom.multimodule.starter.MultiModuleApplication.logStarted:61[0;39m - Started MultiModuleApplication in 5.347 seconds (JVM running for 6.59)
[1;34m2021-01-19 22:27:29 IST[0;39m - [34mINFO [0;39m [36morg.springframework.scheduling.concurrent.ThreadPoolTaskExecutor.shutdown:218[0;39m - Shutting down ExecutorService 'applicationTaskExecutor'
[1;34m2021-01-19 22:29:08 IST[0;39m - [34mINFO [0;39m [36mcom.multimodule.starter.MultiModuleApplication.logStarting:55[0;39m - Starting MultiModuleApplication v0.0.1 using Java 14.0.2 on TCGDLap127 with PID 17800 (D:\IntelliJ\POC\multimodule\core\starter\target\starter-0.0.1.jar started by SwarnenduS in D:\IntelliJ\POC\multimodule\core\starter)
[1;34m2021-01-19 22:29:08 IST[0;39m - [34mINFO [0;39m [36mcom.multimodule.starter.MultiModuleApplication.logStartupProfileInfo:660[0;39m - No active profile set, falling back to default profiles: default
[1;34m2021-01-19 22:29:11 IST[0;39m - [34mINFO [0;39m [36morg.springframework.boot.web.embedded.tomcat.TomcatWebServer.?:?[0;39m - Tomcat initialized with port(s): 8080 (http)
[1;34m2021-01-19 22:29:11 IST[0;39m - [34mINFO [0;39m [36morg.apache.coyote.http11.Http11NioProtocol.?:?[0;39m - Initializing ProtocolHandler ["http-nio-8080"]
[1;34m2021-01-19 22:29:11 IST[0;39m - [34mINFO [0;39m [36morg.apache.catalina.core.StandardService.log:173[0;39m - Starting service [Tomcat]
[1;34m2021-01-19 22:29:11 IST[0;39m - [34mINFO [0;39m [36morg.apache.catalina.core.StandardEngine.log:173[0;39m - Starting Servlet engine: [Apache Tomcat/9.0.41]
[1;34m2021-01-19 22:29:11 IST[0;39m - [34mINFO [0;39m [36morg.apache.catalina.core.ContainerBase.[Tomcat].[localhost].[/workbench].log:173[0;39m - Initializing Spring embedded WebApplicationContext
[1;34m2021-01-19 22:29:11 IST[0;39m - [34mINFO [0;39m [36morg.springframework.boot.web.servlet.context.ServletWebServerApplicationContext.prepareWebApplicationContext:289[0;39m - Root WebApplicationContext: initialization completed in 2983 ms
[1;34m2021-01-19 22:29:11 IST[0;39m - [34mINFO [0;39m [36mcom.multimodule.database.util.DatasourceCreator.getDatasource:22[0;39m - Initializing Datasource Bean............
[1;34m2021-01-19 22:29:11 IST[0;39m - [34mINFO [0;39m [36mcom.multimodule.database.util.DatasourceCreator.getDatasource:24[0;39m - [DONE] Initializing Datasource Bean
[1;34m2021-01-19 22:29:12 IST[0;39m - [34mINFO [0;39m [36morg.springframework.scheduling.concurrent.ThreadPoolTaskExecutor.?:?[0;39m - Initializing ExecutorService 'applicationTaskExecutor'
[1;34m2021-01-19 22:29:12 IST[0;39m - [34mINFO [0;39m [36morg.apache.coyote.http11.Http11NioProtocol.?:?[0;39m - Starting ProtocolHandler ["http-nio-8080"]
[1;34m2021-01-19 22:29:12 IST[0;39m - [34mINFO [0;39m [36morg.springframework.boot.web.embedded.tomcat.TomcatWebServer.?:?[0;39m - Tomcat started on port(s): 8080 (http) with context path '/workbench'
[1;34m2021-01-19 22:29:12 IST[0;39m - [34mINFO [0;39m [36mcom.multimodule.starter.MultiModuleApplication.logStarted:61[0;39m - Started MultiModuleApplication in 5.364 seconds (JVM running for 6.395)
[1;34m2021-01-19 22:29:34 IST[0;39m - [34mINFO [0;39m [36morg.apache.catalina.core.ContainerBase.[Tomcat].[localhost].[/workbench].?:?[0;39m - Initializing Spring DispatcherServlet 'dispatcherServlet'
[1;34m2021-01-19 22:29:34 IST[0;39m - [34mINFO [0;39m [36morg.springframework.web.servlet.DispatcherServlet.initServletBean:525[0;39m - Initializing Servlet 'dispatcherServlet'
[1;34m2021-01-19 22:29:34 IST[0;39m - [34mINFO [0;39m [36morg.springframework.web.servlet.DispatcherServlet.initServletBean:547[0;39m - Completed initialization in 2 ms
[1;34m2021-01-19 22:29:34 IST[0;39m - [34mINFO [0;39m [36mcom.multimodule.database.connector.DatabaseConnector.connectDatabase:16[0;39m - Hello!!!!!!!!!!
[1;34m2021-01-19 22:29:34 IST[0;39m - [34mINFO [0;39m [36mcom.zaxxer.hikari.HikariDataSource.getConnection:?[0;39m - HikariPool-1 - Starting...
[1;34m2021-01-19 22:29:34 IST[0;39m - [34mINFO [0;39m [36mcom.zaxxer.hikari.HikariDataSource.getConnection:123[0;39m - HikariPool-1 - Start completed.
[1;34m2021-01-19 22:29:34 IST[0;39m - [34mINFO [0;39m [36mcom.multimodule.database.connector.DatabaseConnector.connectDatabase:18[0;39m - HikariProxyConnection@27176575 wrapping com.mysql.cj.jdbc.ConnectionImpl@3b686367
[1;34m2021-01-19 22:33:28 IST[0;39m - [34mINFO [0;39m [36morg.springframework.scheduling.concurrent.ThreadPoolTaskExecutor.shutdown:218[0;39m - Shutting down ExecutorService 'applicationTaskExecutor'
[1;34m2021-01-19 22:33:28 IST[0;39m - [34mINFO [0;39m [36mcom.zaxxer.hikari.HikariDataSource.close:350[0;39m - HikariPool-1 - Shutdown initiated...
[1;34m2021-01-19 22:33:28 IST[0;39m - [34mINFO [0;39m [36mcom.zaxxer.hikari.HikariDataSource.?:?[0;39m - HikariPool-1 - Shutdown completed.
[1;34m2021-01-19 22:34:49 IST[0;39m - [34mINFO [0;39m [36mcom.multimodule.starter.MultiModuleApplication.logStarting:55[0;39m - Starting MultiModuleApplication v0.0.1 using Java 14.0.2 on TCGDLap127 with PID 4084 (D:\IntelliJ\POC\multimodule\core\starter\target\starter-0.0.1.jar started by SwarnenduS in D:\IntelliJ\POC\multimodule\core\starter)
[1;34m2021-01-19 22:34:49 IST[0;39m - [34mINFO [0;39m [36mcom.multimodule.starter.MultiModuleApplication.logStartupProfileInfo:660[0;39m - No active profile set, falling back to default profiles: default
[1;34m2021-01-19 22:34:52 IST[0;39m - [34mINFO [0;39m [36morg.springframework.boot.web.embedded.tomcat.TomcatWebServer.initialize:108[0;39m - Tomcat initialized with port(s): 8080 (http)
[1;34m2021-01-19 22:34:52 IST[0;39m - [34mINFO [0;39m [36morg.apache.coyote.http11.Http11NioProtocol.log:173[0;39m - Initializing ProtocolHandler ["http-nio-8080"]
[1;34m2021-01-19 22:34:52 IST[0;39m - [34mINFO [0;39m [36morg.apache.catalina.core.StandardService.log:173[0;39m - Starting service [Tomcat]
[1;34m2021-01-19 22:34:52 IST[0;39m - [34mINFO [0;39m [36morg.apache.catalina.core.StandardEngine.log:173[0;39m - Starting Servlet engine: [Apache Tomcat/9.0.41]
[1;34m2021-01-19 22:34:52 IST[0;39m - [34mINFO [0;39m [36morg.apache.catalina.core.ContainerBase.[Tomcat].[localhost].[/workbench].log:173[0;39m - Initializing Spring embedded WebApplicationContext
[1;34m2021-01-19 22:34:52 IST[0;39m - [34mINFO [0;39m [36morg.springframework.boot.web.servlet.context.ServletWebServerApplicationContext.prepareWebApplicationContext:289[0;39m - Root WebApplicationContext: initialization completed in 2264 ms
[1;34m2021-01-19 22:34:52 IST[0;39m - [34mINFO [0;39m [36mcom.multimodule.database.util.DatasourceCreator.getDatasource:22[0;39m - Initializing Datasource Bean............
[1;34m2021-01-19 22:34:52 IST[0;39m - [34mINFO [0;39m [36mcom.multimodule.database.util.DatasourceCreator.?:?[0;39m - [DONE] Initializing Datasource Bean
[1;34m2021-01-19 22:34:52 IST[0;39m - [34mINFO [0;39m [36morg.springframework.scheduling.concurrent.ThreadPoolTaskExecutor.initialize:181[0;39m - Initializing ExecutorService 'applicationTaskExecutor'
[1;34m2021-01-19 22:34:53 IST[0;39m - [34mINFO [0;39m [36morg.apache.coyote.http11.Http11NioProtocol.log:173[0;39m - Starting ProtocolHandler ["http-nio-8080"]
[1;34m2021-01-19 22:34:53 IST[0;39m - [34mINFO [0;39m [36morg.springframework.boot.web.embedded.tomcat.TomcatWebServer.start:220[0;39m - Tomcat started on port(s): 8080 (http) with context path '/workbench'
[1;34m2021-01-19 22:34:53 IST[0;39m - [34mINFO [0;39m [36mcom.multimodule.starter.MultiModuleApplication.logStarted:61[0;39m - Started MultiModuleApplication in 4.368 seconds (JVM running for 5.679)
[1;34m2021-01-19 22:39:03 IST[0;39m - [34mINFO [0;39m [36morg.springframework.scheduling.concurrent.ThreadPoolTaskExecutor.shutdown:218[0;39m - Shutting down ExecutorService 'applicationTaskExecutor'
[1;34m2021-01-19 22:39:52 IST[0;39m - [34mINFO [0;39m [36mcom.multimodule.starter.MultiModuleApplication.logStarting:55[0;39m - Starting MultiModuleApplication v0.0.1 using Java 14.0.2 on TCGDLap127 with PID 21156 (D:\IntelliJ\POC\multimodule\core\starter\target\starter-0.0.1.jar started by SwarnenduS in D:\IntelliJ\POC\multimodule\core\starter)
[1;34m2021-01-19 22:39:52 IST[0;39m - [34mINFO [0;39m [36mcom.multimodule.starter.MultiModuleApplication.logStartupProfileInfo:660[0;39m - No active profile set, falling back to default profiles: default
[1;34m2021-01-19 22:39:55 IST[0;39m - [34mINFO [0;39m [36morg.springframework.boot.web.embedded.tomcat.TomcatWebServer.initialize:108[0;39m - Tomcat initialized with port(s): 8080 (http)
[1;34m2021-01-19 22:39:55 IST[0;39m - [34mINFO [0;39m [36morg.apache.coyote.http11.Http11NioProtocol.?:?[0;39m - Initializing ProtocolHandler ["http-nio-8080"]
[1;34m2021-01-19 22:39:55 IST[0;39m - [34mINFO [0;39m [36morg.apache.catalina.core.StandardService.?:?[0;39m - Starting service [Tomcat]
[1;34m2021-01-19 22:39:55 IST[0;39m - [34mINFO [0;39m [36morg.apache.catalina.core.StandardEngine.log:173[0;39m - Starting Servlet engine: [Apache Tomcat/9.0.41]
[1;34m2021-01-19 22:39:55 IST[0;39m - [34mINFO [0;39m [36morg.apache.catalina.core.ContainerBase.[Tomcat].[localhost].[/workbench].?:?[0;39m - Initializing Spring embedded WebApplicationContext
[1;34m2021-01-19 22:39:55 IST[0;39m - [34mINFO [0;39m [36morg.springframework.boot.web.servlet.context.ServletWebServerApplicationContext.prepareWebApplicationContext:289[0;39m - Root WebApplicationContext: initialization completed in 3721 ms
[1;34m2021-01-19 22:39:56 IST[0;39m - [34mINFO [0;39m [36mcom.multimodule.database.util.DatasourceCreator.getDatasource:22[0;39m - Initializing Datasource Bean............
[1;34m2021-01-19 22:39:56 IST[0;39m - [34mINFO [0;39m [36mcom.multimodule.database.util.DatasourceCreator.?:?[0;39m - [DONE] Initializing Datasource Bean
[1;34m2021-01-19 22:39:57 IST[0;39m - [34mINFO [0;39m [36morg.springframework.scheduling.concurrent.ThreadPoolTaskExecutor.?:?[0;39m - Initializing ExecutorService 'applicationTaskExecutor'
[1;34m2021-01-19 22:39:57 IST[0;39m - [34mINFO [0;39m [36morg.apache.coyote.http11.Http11NioProtocol.?:?[0;39m - Starting ProtocolHandler ["http-nio-8080"]
[1;34m2021-01-19 22:39:57 IST[0;39m - [34mINFO [0;39m [36morg.springframework.boot.web.embedded.tomcat.TomcatWebServer.start:220[0;39m - Tomcat started on port(s): 8080 (http) with context path '/workbench'
[1;34m2021-01-19 22:39:57 IST[0;39m - [34mINFO [0;39m [36mcom.multimodule.starter.MultiModuleApplication.logStarted:61[0;39m - Started MultiModuleApplication in 7.353 seconds (JVM running for 9.785)
[1;34m2021-01-19 22:41:36 IST[0;39m - [34mINFO [0;39m [36morg.springframework.scheduling.concurrent.ThreadPoolTaskExecutor.shutdown:218[0;39m - Shutting down ExecutorService 'applicationTaskExecutor'
[1;34m2021-01-19 22:42:13 IST[0;39m - [34mINFO [0;39m [36mcom.multimodule.starter.MultiModuleApplication.logStarting:55[0;39m - Starting MultiModuleApplication v0.0.1 using Java 14.0.2 on TCGDLap127 with PID 15008 (D:\IntelliJ\POC\multimodule\core\starter\target\starter-0.0.1.jar started by SwarnenduS in D:\IntelliJ\POC\multimodule\core\starter)
[1;34m2021-01-19 22:42:13 IST[0;39m - [34mINFO [0;39m [36mcom.multimodule.starter.MultiModuleApplication.logStartupProfileInfo:660[0;39m - No active profile set, falling back to default profiles: default
[1;34m2021-01-19 22:42:16 IST[0;39m - [34mINFO [0;39m [36morg.springframework.boot.web.embedded.tomcat.TomcatWebServer.?:?[0;39m - Tomcat initialized with port(s): 8080 (http)
[1;34m2021-01-19 22:42:16 IST[0;39m - [34mINFO [0;39m [36morg.apache.coyote.http11.Http11NioProtocol.log:173[0;39m - Initializing ProtocolHandler ["http-nio-8080"]
[1;34m2021-01-19 22:42:16 IST[0;39m - [34mINFO [0;39m [36morg.apache.catalina.core.StandardService.log:173[0;39m - Starting service [Tomcat]
[1;34m2021-01-19 22:42:16 IST[0;39m - [34mINFO [0;39m [36morg.apache.catalina.core.StandardEngine.log:173[0;39m - Starting Servlet engine: [Apache Tomcat/9.0.41]
[1;34m2021-01-19 22:42:17 IST[0;39m - [34mINFO [0;39m [36morg.apache.catalina.core.ContainerBase.[Tomcat].[localhost].[/workbench].?:?[0;39m - Initializing Spring embedded WebApplicationContext
[1;34m2021-01-19 22:42:17 IST[0;39m - [34mINFO [0;39m [36morg.springframework.boot.web.servlet.context.ServletWebServerApplicationContext.prepareWebApplicationContext:289[0;39m - Root WebApplicationContext: initialization completed in 3733 ms
[1;34m2021-01-19 22:42:17 IST[0;39m - [34mINFO [0;39m [36mcom.multimodule.database.util.DatasourceCreator.getDatasource:22[0;39m - Initializing Datasource Bean............
[1;34m2021-01-19 22:42:17 IST[0;39m - [34mINFO [0;39m [36mcom.multimodule.database.util.DatasourceCreator.getDatasource:24[0;39m - [DONE] Initializing Datasource Bean
[1;34m2021-01-19 22:42:18 IST[0;39m - [34mINFO [0;39m [36morg.springframework.scheduling.concurrent.ThreadPoolTaskExecutor.initialize:181[0;39m - Initializing ExecutorService 'applicationTaskExecutor'
[1;34m2021-01-19 22:42:18 IST[0;39m - [34mINFO [0;39m [36morg.apache.coyote.http11.Http11NioProtocol.log:173[0;39m - Starting ProtocolHandler ["http-nio-8080"]
[1;34m2021-01-19 22:42:18 IST[0;39m - [34mINFO [0;39m [36morg.springframework.boot.web.embedded.tomcat.TomcatWebServer.?:?[0;39m - Tomcat started on port(s): 8080 (http) with context path '/workbench'
[1;34m2021-01-19 22:42:18 IST[0;39m - [34mINFO [0;39m [36mcom.multimodule.starter.MultiModuleApplication.?:?[0;39m - Started MultiModuleApplication in 6.91 seconds (JVM running for 9.045)
[1;34m2021-01-19 23:00:49 IST[0;39m - [34mINFO [0;39m [36morg.springframework.scheduling.concurrent.ThreadPoolTaskExecutor.?:?[0;39m - Shutting down ExecutorService 'applicationTaskExecutor'
